\BOOKMARK [0][-]{chapter.1}{Introdu\347\343o}{}% 1
\BOOKMARK [1][-]{section.1.1}{M\341quina Virtual Cil}{chapter.1}% 2
\BOOKMARK [1][-]{section.1.2}{Pascal}{chapter.1}% 3
\BOOKMARK [0][-]{chapter.2}{Configurando o Ambiente}{}% 4
\BOOKMARK [1][-]{section.2.1}{Como executar e testar um programa Pascal para CIL}{chapter.2}% 5
\BOOKMARK [0][-]{chapter.3}{Constru\347\343o do Compilador Pascal}{}% 6
\BOOKMARK [1][-]{section.3.1}{Arvore}{chapter.3}% 7
\BOOKMARK [1][-]{section.3.2}{Analisador L\351xico}{chapter.3}% 8
\BOOKMARK [1][-]{section.3.3}{Analisador Sint\341tico}{chapter.3}% 9
\BOOKMARK [1][-]{section.3.4}{Analisador Sem\342ntico}{chapter.3}% 10
\BOOKMARK [1][-]{section.3.5}{Tabela de S\355mbolos}{chapter.3}% 11
\BOOKMARK [1][-]{section.3.6}{Makefile}{chapter.3}% 12
\BOOKMARK [1][-]{section.3.7}{Ambiente para Interpretador}{chapter.3}% 13
\BOOKMARK [2][-]{subsection.3.7.1}{Ambientes}{section.3.7}% 14
\BOOKMARK [2][-]{subsection.3.7.2}{Interpretador}{section.3.7}% 15
\BOOKMARK [1][-]{section.3.8}{Executando codigo em Ocaml}{chapter.3}% 16
\BOOKMARK [0][-]{chapter.4}{Exemplos}{}% 17
\BOOKMARK [1][-]{section.4.1}{Exemplo 1:}{chapter.4}% 18
\BOOKMARK [2][-]{subsection.4.1.1}{Executando}{section.4.1}% 19
\BOOKMARK [1][-]{section.4.2}{Exemplo 2:}{chapter.4}% 20
\BOOKMARK [2][-]{subsection.4.2.1}{Executando}{section.4.2}% 21
\BOOKMARK [1][-]{section.4.3}{Exemplo 3:}{chapter.4}% 22
\BOOKMARK [2][-]{subsection.4.3.1}{Executando}{section.4.3}% 23
\BOOKMARK [1][-]{section.4.4}{Exemplo 4:}{chapter.4}% 24
\BOOKMARK [2][-]{subsection.4.4.1}{Executando}{section.4.4}% 25
\BOOKMARK [1][-]{section.4.5}{Exemplo 5:}{chapter.4}% 26
\BOOKMARK [2][-]{subsection.4.5.1}{Executando}{section.4.5}% 27
\BOOKMARK [1][-]{section.4.6}{Exemplo 6:}{chapter.4}% 28
\BOOKMARK [2][-]{subsection.4.6.1}{Executando}{section.4.6}% 29
\BOOKMARK [1][-]{section.4.7}{Exemplo 7:}{chapter.4}% 30
\BOOKMARK [2][-]{subsection.4.7.1}{Executando}{section.4.7}% 31
\BOOKMARK [1][-]{section.4.8}{Exemplo 8:}{chapter.4}% 32
\BOOKMARK [2][-]{subsection.4.8.1}{Executando}{section.4.8}% 33
\BOOKMARK [1][-]{section.4.9}{Exemplo 9:}{chapter.4}% 34
\BOOKMARK [2][-]{subsection.4.9.1}{Executando}{section.4.9}% 35
