This is pdfTeX, Version 3.14159265-2.6-1.40.16 (TeX Live 2015/W32TeX) (preloaded format=pdflatex 2015.7.21)  16 DEC 2015 00:02
entering extended mode
 restricted \write18 enabled.
 %&-line parsing enabled.
**./relatorio2.tex
(./relatorio2.tex
LaTeX2e <2015/01/01> patch level 2
Babel <3.9l> and hyphenation patterns for 79 languages loaded.
(c:/texlive/2015/texmf-dist/tex/latex/base/report.cls
Document Class: report 2014/09/29 v1.4h Standard LaTeX document class
(c:/texlive/2015/texmf-dist/tex/latex/base/size10.clo
File: size10.clo 2014/09/29 v1.4h Standard LaTeX file (size option)
)
\c@part=\count79
\c@chapter=\count80
\c@section=\count81
\c@subsection=\count82
\c@subsubsection=\count83
\c@paragraph=\count84
\c@subparagraph=\count85
\c@figure=\count86
\c@table=\count87
\abovecaptionskip=\skip41
\belowcaptionskip=\skip42
\bibindent=\dimen102
)
(c:/texlive/2015/texmf-dist/tex/latex/base/inputenc.sty
Package: inputenc 2015/03/17 v1.2c Input encoding file
\inpenc@prehook=\toks14
\inpenc@posthook=\toks15

(c:/texlive/2015/texmf-dist/tex/latex/base/latin1.def
File: latin1.def 2015/03/17 v1.2c Input encoding file
))
(c:/texlive/2015/texmf-dist/tex/latex/base/fontenc.sty
Package: fontenc 2005/09/27 v1.99g Standard LaTeX package

(c:/texlive/2015/texmf-dist/tex/latex/base/t1enc.def
File: t1enc.def 2005/09/27 v1.99g Standard LaTeX file
LaTeX Font Info:    Redeclaring font encoding T1 on input line 48.
))
(c:/texlive/2015/texmf-dist/tex/latex/amsmath/amsmath.sty
Package: amsmath 2013/01/14 v2.14 AMS math features
\@mathmargin=\skip43

For additional information on amsmath, use the `?' option.
(c:/texlive/2015/texmf-dist/tex/latex/amsmath/amstext.sty
Package: amstext 2000/06/29 v2.01

(c:/texlive/2015/texmf-dist/tex/latex/amsmath/amsgen.sty
File: amsgen.sty 1999/11/30 v2.0
\@emptytoks=\toks16
\ex@=\dimen103
))
(c:/texlive/2015/texmf-dist/tex/latex/amsmath/amsbsy.sty
Package: amsbsy 1999/11/29 v1.2d
\pmbraise@=\dimen104
)
(c:/texlive/2015/texmf-dist/tex/latex/amsmath/amsopn.sty
Package: amsopn 1999/12/14 v2.01 operator names
)
\inf@bad=\count88
LaTeX Info: Redefining \frac on input line 210.
\uproot@=\count89
\leftroot@=\count90
LaTeX Info: Redefining \overline on input line 306.
\classnum@=\count91
\DOTSCASE@=\count92
LaTeX Info: Redefining \ldots on input line 378.
LaTeX Info: Redefining \dots on input line 381.
LaTeX Info: Redefining \cdots on input line 466.
\Mathstrutbox@=\box26
\strutbox@=\box27
\big@size=\dimen105
LaTeX Font Info:    Redeclaring font encoding OML on input line 566.
LaTeX Font Info:    Redeclaring font encoding OMS on input line 567.
\macc@depth=\count93
\c@MaxMatrixCols=\count94
\dotsspace@=\muskip10
\c@parentequation=\count95
\dspbrk@lvl=\count96
\tag@help=\toks17
\row@=\count97
\column@=\count98
\maxfields@=\count99
\andhelp@=\toks18
\eqnshift@=\dimen106
\alignsep@=\dimen107
\tagshift@=\dimen108
\tagwidth@=\dimen109
\totwidth@=\dimen110
\lineht@=\dimen111
\@envbody=\toks19
\multlinegap=\skip44
\multlinetaggap=\skip45
\mathdisplay@stack=\toks20
LaTeX Info: Redefining \[ on input line 2665.
LaTeX Info: Redefining \] on input line 2666.
)
(c:/texlive/2015/texmf-dist/tex/latex/amsfonts/amsfonts.sty
Package: amsfonts 2013/01/14 v3.01 Basic AMSFonts support
\symAMSa=\mathgroup4
\symAMSb=\mathgroup5
LaTeX Font Info:    Overwriting math alphabet `\mathfrak' in version `bold'
(Font)                  U/euf/m/n --> U/euf/b/n on input line 106.
)
(c:/texlive/2015/texmf-dist/tex/latex/amsfonts/amssymb.sty
Package: amssymb 2013/01/14 v3.01 AMS font symbols
)
(c:/texlive/2015/texmf-dist/tex/latex/graphics/graphicx.sty
Package: graphicx 2014/10/28 v1.0g Enhanced LaTeX Graphics (DPC,SPQR)

(c:/texlive/2015/texmf-dist/tex/latex/graphics/keyval.sty
Package: keyval 2014/10/28 v1.15 key=value parser (DPC)
\KV@toks@=\toks21
)
(c:/texlive/2015/texmf-dist/tex/latex/graphics/graphics.sty
Package: graphics 2014/10/28 v1.0p Standard LaTeX Graphics (DPC,SPQR)

(c:/texlive/2015/texmf-dist/tex/latex/graphics/trig.sty
Package: trig 1999/03/16 v1.09 sin cos tan (DPC)
)
(c:/texlive/2015/texmf-dist/tex/latex/latexconfig/graphics.cfg
File: graphics.cfg 2010/04/23 v1.9 graphics configuration of TeX Live
)
Package graphics Info: Driver file: pdftex.def on input line 94.

(c:/texlive/2015/texmf-dist/tex/latex/pdftex-def/pdftex.def
File: pdftex.def 2011/05/27 v0.06d Graphics/color for pdfTeX

(c:/texlive/2015/texmf-dist/tex/generic/oberdiek/infwarerr.sty
Package: infwarerr 2010/04/08 v1.3 Providing info/warning/error messages (HO)
)
(c:/texlive/2015/texmf-dist/tex/generic/oberdiek/ltxcmds.sty
Package: ltxcmds 2011/11/09 v1.22 LaTeX kernel commands for general use (HO)
)
\Gread@gobject=\count100
))
\Gin@req@height=\dimen112
\Gin@req@width=\dimen113
)
(c:/texlive/2015/texmf-dist/tex/latex/listings/listings.sty
\lst@mode=\count101
\lst@gtempboxa=\box28
\lst@token=\toks22
\lst@length=\count102
\lst@currlwidth=\dimen114
\lst@column=\count103
\lst@pos=\count104
\lst@lostspace=\dimen115
\lst@width=\dimen116
\lst@newlines=\count105
\lst@lineno=\count106
\lst@maxwidth=\dimen117

(c:/texlive/2015/texmf-dist/tex/latex/listings/lstmisc.sty
File: lstmisc.sty 2015/06/04 1.6 (Carsten Heinz)
\c@lstnumber=\count107
\lst@skipnumbers=\count108
\lst@framebox=\box29
)
(c:/texlive/2015/texmf-dist/tex/latex/listings/listings.cfg
File: listings.cfg 2015/06/04 1.6 listings configuration
))
Package: listings 2015/06/04 1.6 (Carsten Heinz)

(c:/texlive/2015/texmf-dist/tex/latex/xcolor/xcolor.sty
Package: xcolor 2007/01/21 v2.11 LaTeX color extensions (UK)

(c:/texlive/2015/texmf-dist/tex/latex/latexconfig/color.cfg
File: color.cfg 2007/01/18 v1.5 color configuration of teTeX/TeXLive
)
Package xcolor Info: Driver file: pdftex.def on input line 225.
Package xcolor Info: Model `cmy' substituted by `cmy0' on input line 1337.
Package xcolor Info: Model `hsb' substituted by `rgb' on input line 1341.
Package xcolor Info: Model `RGB' extended on input line 1353.
Package xcolor Info: Model `HTML' substituted by `rgb' on input line 1355.
Package xcolor Info: Model `Hsb' substituted by `hsb' on input line 1356.
Package xcolor Info: Model `tHsb' substituted by `hsb' on input line 1357.
Package xcolor Info: Model `HSB' substituted by `hsb' on input line 1358.
Package xcolor Info: Model `Gray' substituted by `gray' on input line 1359.
Package xcolor Info: Model `wave' substituted by `hsb' on input line 1360.

(c:/texlive/2015/texmf-dist/tex/latex/xcolor/svgnam.def
File: svgnam.def 2007/01/21 v2.11 Predefined colors according to SVG 1.1 (UK)
))
(c:/texlive/2015/texmf-dist/tex/latex/psnfss/courier.sty
Package: courier 2005/04/12 PSNFSS-v9.2a (WaS) 
)
(c:/texlive/2015/texmf-dist/tex/latex/geometry/geometry.sty
Package: geometry 2010/09/12 v5.6 Page Geometry

(c:/texlive/2015/texmf-dist/tex/generic/oberdiek/ifpdf.sty
Package: ifpdf 2011/01/30 v2.3 Provides the ifpdf switch (HO)
Package ifpdf Info: pdfTeX in PDF mode is detected.
)
(c:/texlive/2015/texmf-dist/tex/generic/oberdiek/ifvtex.sty
Package: ifvtex 2010/03/01 v1.5 Detect VTeX and its facilities (HO)
Package ifvtex Info: VTeX not detected.
)
(c:/texlive/2015/texmf-dist/tex/generic/ifxetex/ifxetex.sty
Package: ifxetex 2010/09/12 v0.6 Provides ifxetex conditional
)
\Gm@cnth=\count109
\Gm@cntv=\count110
\c@Gm@tempcnt=\count111
\Gm@bindingoffset=\dimen118
\Gm@wd@mp=\dimen119
\Gm@odd@mp=\dimen120
\Gm@even@mp=\dimen121
\Gm@layoutwidth=\dimen122
\Gm@layoutheight=\dimen123
\Gm@layouthoffset=\dimen124
\Gm@layoutvoffset=\dimen125
\Gm@dimlist=\toks23
)
(c:/texlive/2015/texmf-dist/tex/latex/multirow/multirow.sty
\bigstrutjot=\dimen126
)
(c:/texlive/2015/texmf-dist/tex/latex/booktabs/booktabs.sty
Package: booktabs 2005/04/14 v1.61803 publication quality tables
\heavyrulewidth=\dimen127
\lightrulewidth=\dimen128
\cmidrulewidth=\dimen129
\belowrulesep=\dimen130
\belowbottomsep=\dimen131
\aboverulesep=\dimen132
\abovetopsep=\dimen133
\cmidrulesep=\dimen134
\cmidrulekern=\dimen135
\defaultaddspace=\dimen136
\@cmidla=\count112
\@cmidlb=\count113
\@aboverulesep=\dimen137
\@belowrulesep=\dimen138
\@thisruleclass=\count114
\@lastruleclass=\count115
\@thisrulewidth=\dimen139
)
(c:/texlive/2015/texmf-dist/tex/latex/tools/longtable.sty
Package: longtable 2014/10/28 v4.11 Multi-page Table package (DPC)
\LTleft=\skip46
\LTright=\skip47
\LTpre=\skip48
\LTpost=\skip49
\LTchunksize=\count116
\LTcapwidth=\dimen140
\LT@head=\box30
\LT@firsthead=\box31
\LT@foot=\box32
\LT@lastfoot=\box33
\LT@cols=\count117
\LT@rows=\count118
\c@LT@tables=\count119
\c@LT@chunks=\count120
\LT@p@ftn=\toks24
)
(c:/texlive/2015/texmf-dist/tex/latex/hyperref/hyperref.sty
Package: hyperref 2012/11/06 v6.83m Hypertext links for LaTeX

(c:/texlive/2015/texmf-dist/tex/generic/oberdiek/hobsub-hyperref.sty
Package: hobsub-hyperref 2012/05/28 v1.13 Bundle oberdiek, subset hyperref (HO)


(c:/texlive/2015/texmf-dist/tex/generic/oberdiek/hobsub-generic.sty
Package: hobsub-generic 2012/05/28 v1.13 Bundle oberdiek, subset generic (HO)
Package: hobsub 2012/05/28 v1.13 Construct package bundles (HO)
Package hobsub Info: Skipping package `infwarerr' (already loaded).
Package hobsub Info: Skipping package `ltxcmds' (already loaded).
Package: ifluatex 2010/03/01 v1.3 Provides the ifluatex switch (HO)
Package ifluatex Info: LuaTeX not detected.
Package hobsub Info: Skipping package `ifvtex' (already loaded).
Package: intcalc 2007/09/27 v1.1 Expandable calculations with integers (HO)
Package hobsub Info: Skipping package `ifpdf' (already loaded).
Package: etexcmds 2011/02/16 v1.5 Avoid name clashes with e-TeX commands (HO)
Package etexcmds Info: Could not find \expanded.
(etexcmds)             That can mean that you are not using pdfTeX 1.50 or
(etexcmds)             that some package has redefined \expanded.
(etexcmds)             In the latter case, load this package earlier.
Package: kvsetkeys 2012/04/25 v1.16 Key value parser (HO)
Package: kvdefinekeys 2011/04/07 v1.3 Define keys (HO)
Package: pdftexcmds 2011/11/29 v0.20 Utility functions of pdfTeX for LuaTeX (HO
)
Package pdftexcmds Info: LuaTeX not detected.
Package pdftexcmds Info: \pdf@primitive is available.
Package pdftexcmds Info: \pdf@ifprimitive is available.
Package pdftexcmds Info: \pdfdraftmode found.
Package: pdfescape 2011/11/25 v1.13 Implements pdfTeX's escape features (HO)
Package: bigintcalc 2012/04/08 v1.3 Expandable calculations on big integers (HO
)
Package: bitset 2011/01/30 v1.1 Handle bit-vector datatype (HO)
Package: uniquecounter 2011/01/30 v1.2 Provide unlimited unique counter (HO)
)
Package hobsub Info: Skipping package `hobsub' (already loaded).
Package: letltxmacro 2010/09/02 v1.4 Let assignment for LaTeX macros (HO)
Package: hopatch 2012/05/28 v1.2 Wrapper for package hooks (HO)
Package: xcolor-patch 2011/01/30 xcolor patch
Package: atveryend 2011/06/30 v1.8 Hooks at the very end of document (HO)
Package atveryend Info: \enddocument detected (standard20110627).
Package: atbegshi 2011/10/05 v1.16 At begin shipout hook (HO)
Package: refcount 2011/10/16 v3.4 Data extraction from label references (HO)
Package: hycolor 2011/01/30 v1.7 Color options for hyperref/bookmark (HO)
)
(c:/texlive/2015/texmf-dist/tex/latex/oberdiek/auxhook.sty
Package: auxhook 2011/03/04 v1.3 Hooks for auxiliary files (HO)
)
(c:/texlive/2015/texmf-dist/tex/latex/oberdiek/kvoptions.sty
Package: kvoptions 2011/06/30 v3.11 Key value format for package options (HO)
)
\@linkdim=\dimen141
\Hy@linkcounter=\count121
\Hy@pagecounter=\count122

(c:/texlive/2015/texmf-dist/tex/latex/hyperref/pd1enc.def
File: pd1enc.def 2012/11/06 v6.83m Hyperref: PDFDocEncoding definition (HO)
)
\Hy@SavedSpaceFactor=\count123

(c:/texlive/2015/texmf-dist/tex/latex/latexconfig/hyperref.cfg
File: hyperref.cfg 2002/06/06 v1.2 hyperref configuration of TeXLive
)
Package hyperref Info: Hyper figures OFF on input line 4443.
Package hyperref Info: Link nesting OFF on input line 4448.
Package hyperref Info: Hyper index ON on input line 4451.
Package hyperref Info: Plain pages OFF on input line 4458.
Package hyperref Info: Backreferencing OFF on input line 4463.
Package hyperref Info: Implicit mode ON; LaTeX internals redefined.
Package hyperref Info: Bookmarks ON on input line 4688.
\c@Hy@tempcnt=\count124

(c:/texlive/2015/texmf-dist/tex/latex/url/url.sty
\Urlmuskip=\muskip11
Package: url 2013/09/16  ver 3.4  Verb mode for urls, etc.
)
LaTeX Info: Redefining \url on input line 5041.
\XeTeXLinkMargin=\dimen142
\Fld@menulength=\count125
\Field@Width=\dimen143
\Fld@charsize=\dimen144
Package hyperref Info: Hyper figures OFF on input line 6295.
Package hyperref Info: Link nesting OFF on input line 6300.
Package hyperref Info: Hyper index ON on input line 6303.
Package hyperref Info: backreferencing OFF on input line 6310.
Package hyperref Info: Link coloring OFF on input line 6315.
Package hyperref Info: Link coloring with OCG OFF on input line 6320.
Package hyperref Info: PDF/A mode OFF on input line 6325.
LaTeX Info: Redefining \ref on input line 6365.
LaTeX Info: Redefining \pageref on input line 6369.
\Hy@abspage=\count126
\c@Item=\count127
\c@Hfootnote=\count128
)

Package hyperref Message: Driver: hpdftex.

(c:/texlive/2015/texmf-dist/tex/latex/hyperref/hpdftex.def
File: hpdftex.def 2012/11/06 v6.83m Hyperref driver for pdfTeX
\Fld@listcount=\count129
\c@bookmark@seq@number=\count130

(c:/texlive/2015/texmf-dist/tex/latex/oberdiek/rerunfilecheck.sty
Package: rerunfilecheck 2011/04/15 v1.7 Rerun checks for auxiliary files (HO)
Package uniquecounter Info: New unique counter `rerunfilecheck' on input line 2
82.
)
\Hy@SectionHShift=\skip50
)
(c:/texlive/2015/texmf-dist/tex/latex/caption/caption.sty
Package: caption 2013/05/02 v3.3-89 Customizing captions (AR)

(c:/texlive/2015/texmf-dist/tex/latex/caption/caption3.sty
Package: caption3 2013/05/02 v1.6-88 caption3 kernel (AR)
Package caption3 Info: TeX engine: e-TeX on input line 57.
\captionmargin=\dimen145
\captionmargin@=\dimen146
\captionwidth=\dimen147
\caption@tempdima=\dimen148
\caption@indent=\dimen149
\caption@parindent=\dimen150
\caption@hangindent=\dimen151
)
\c@ContinuedFloat=\count131
Package caption Info: hyperref package is loaded.
Package caption Info: listings package is loaded.
Package caption Info: longtable package is loaded.

(c:/texlive/2015/texmf-dist/tex/latex/caption/ltcaption.sty
Package: ltcaption 2013/02/03 v1.3-62 longtable captions (AR)
)) (./relatorio2.aux)
\openout1 = `relatorio2.aux'.

LaTeX Font Info:    Checking defaults for OML/cmm/m/it on input line 79.
LaTeX Font Info:    ... okay on input line 79.
LaTeX Font Info:    Checking defaults for T1/cmr/m/n on input line 79.
LaTeX Font Info:    ... okay on input line 79.
LaTeX Font Info:    Checking defaults for OT1/cmr/m/n on input line 79.
LaTeX Font Info:    ... okay on input line 79.
LaTeX Font Info:    Checking defaults for OMS/cmsy/m/n on input line 79.
LaTeX Font Info:    ... okay on input line 79.
LaTeX Font Info:    Checking defaults for OMX/cmex/m/n on input line 79.
LaTeX Font Info:    ... okay on input line 79.
LaTeX Font Info:    Checking defaults for U/cmr/m/n on input line 79.
LaTeX Font Info:    ... okay on input line 79.
LaTeX Font Info:    Checking defaults for PD1/pdf/m/n on input line 79.
LaTeX Font Info:    ... okay on input line 79.
 (c:/texlive/2015/texmf-dist/tex/context/base/supp-pdf.mkii
[Loading MPS to PDF converter (version 2006.09.02).]
\scratchcounter=\count132
\scratchdimen=\dimen152
\scratchbox=\box34
\nofMPsegments=\count133
\nofMParguments=\count134
\everyMPshowfont=\toks25
\MPscratchCnt=\count135
\MPscratchDim=\dimen153
\MPnumerator=\count136
\makeMPintoPDFobject=\count137
\everyMPtoPDFconversion=\toks26
) (c:/texlive/2015/texmf-dist/tex/latex/oberdiek/epstopdf-base.sty
Package: epstopdf-base 2010/02/09 v2.5 Base part for package epstopdf

(c:/texlive/2015/texmf-dist/tex/latex/oberdiek/grfext.sty
Package: grfext 2010/08/19 v1.1 Manage graphics extensions (HO)
)
Package grfext Info: Graphics extension search list:
(grfext)             [.png,.pdf,.jpg,.mps,.jpeg,.jbig2,.jb2,.PNG,.PDF,.JPG,.JPE
G,.JBIG2,.JB2,.eps]
(grfext)             \AppendGraphicsExtensions on input line 452.

(c:/texlive/2015/texmf-dist/tex/latex/latexconfig/epstopdf-sys.cfg
File: epstopdf-sys.cfg 2010/07/13 v1.3 Configuration of (r)epstopdf for TeX Liv
e
))
\c@lstlisting=\count138

*geometry* driver: auto-detecting
*geometry* detected driver: pdftex
*geometry* verbose mode - [ preamble ] result:
* driver: pdftex
* paper: a4paper
* layout: <same size as paper>
* layoutoffset:(h,v)=(0.0pt,0.0pt)
* modes: 
* h-part:(L,W,R)=(71.13188pt, 455.24411pt, 71.13188pt)
* v-part:(T,H,B)=(71.13188pt, 702.78308pt, 71.13188pt)
* \paperwidth=597.50787pt
* \paperheight=845.04684pt
* \textwidth=455.24411pt
* \textheight=702.78308pt
* \oddsidemargin=-1.1381pt
* \evensidemargin=-1.1381pt
* \topmargin=-38.1381pt
* \headheight=12.0pt
* \headsep=25.0pt
* \topskip=10.0pt
* \footskip=30.0pt
* \marginparwidth=57.0pt
* \marginparsep=11.0pt
* \columnsep=10.0pt
* \skip\footins=9.0pt plus 4.0pt minus 2.0pt
* \hoffset=0.0pt
* \voffset=0.0pt
* \mag=1000
* \@twocolumnfalse
* \@twosidefalse
* \@mparswitchfalse
* \@reversemarginfalse
* (1in=72.27pt=25.4mm, 1cm=28.453pt)

\AtBeginShipoutBox=\box35
Package hyperref Info: Link coloring OFF on input line 79.
(c:/texlive/2015/texmf-dist/tex/latex/hyperref/nameref.sty
Package: nameref 2012/10/27 v2.43 Cross-referencing by name of section

(c:/texlive/2015/texmf-dist/tex/generic/oberdiek/gettitlestring.sty
Package: gettitlestring 2010/12/03 v1.4 Cleanup title references (HO)
)
\c@section@level=\count139
)
LaTeX Info: Redefining \ref on input line 79.
LaTeX Info: Redefining \pageref on input line 79.
LaTeX Info: Redefining \nameref on input line 79.

(./relatorio2.out) (./relatorio2.out)
\@outlinefile=\write3
\openout3 = `relatorio2.out'.

Package caption Info: Begin \AtBeginDocument code.
Package caption Info: End \AtBeginDocument code.

<images/ufu.jpeg, id=144, 1213.53375pt x 1204.5pt>
File: images/ufu.jpeg Graphic file (type jpg)
 <use images/ufu.jpeg>
Package pdftex.def Info: images/ufu.jpeg used on input line 83.
(pdftex.def)             Requested size: 84.95604pt x 84.32361pt.

[1

{c:/texlive/2015/texmf-var/fonts/map/pdftex/updmap/pdftex.map} <./images/ufu.jp
eg>] (./relatorio2.toc
LaTeX Font Info:    Try loading font information for U+msa on input line 2.
 (c:/texlive/2015/texmf-dist/tex/latex/amsfonts/umsa.fd
File: umsa.fd 2013/01/14 v3.01 AMS symbols A
)
LaTeX Font Info:    Try loading font information for U+msb on input line 2.
 (c:/texlive/2015/texmf-dist/tex/latex/amsfonts/umsb.fd
File: umsb.fd 2013/01/14 v3.01 AMS symbols B
))
\tf@toc=\write4
\openout4 = `relatorio2.toc'.

 [2

]
(./relatorio2.lol)
\tf@lol=\write5
\openout5 = `relatorio2.lol'.

 [3

]
Chapter 1.

Overfull \hbox (5.03238pt too wide) in paragraph at lines 120--123
\T1/cmr/m/n/10 Pascal é uma lin-guagem de pro-gra-mação es-tru-tu-rada, que re-
ce-beu este nome em hom-e-nagem ao matemático
 []

(c:/texlive/2015/texmf-dist/tex/latex/listings/lstlang1.sty
File: lstlang1.sty 2015/06/04 1.6 listings language file
)
Overfull \hbox (10.0pt too wide) in paragraph at lines 125--125
[][][][][][][] 
 []

LaTeX Font Info:    Try loading font information for T1+pcr on input line 125.
(c:/texlive/2015/texmf-dist/tex/latex/psnfss/t1pcr.fd
File: t1pcr.fd 2001/06/04 font definitions for T1/pcr.
) (./pas/HelloWorld.pas)
[4

]
Chapter 2.

Underfull \hbox (badness 10000) in paragraph at lines 131--132

 []

(c:/texlive/2015/texmf-dist/tex/latex/listings/lstlang1.sty
File: lstlang1.sty 2015/06/04 1.6 listings language file
)
(c:/texlive/2015/texmf-dist/tex/latex/listings/lstlang1.sty
File: lstlang1.sty 2015/06/04 1.6 listings language file
) [5

]
Chapter 3.

Overfull \hbox (10.0pt too wide) in paragraph at lines 177--177
[][][][][][][] 
 []

(./codes/asabs.ml [6

])
Overfull \hbox (10.0pt too wide) in paragraph at lines 186--186
[][][][][][][] 
 []

(./codes/lexico.mll [7] [8])
Overfull \hbox (10.0pt too wide) in paragraph at lines 195--195
[][][][][][][] 
 []

(./codes/sintatico.mly [9] [10] [11] [12])
Overfull \hbox (10.0pt too wide) in paragraph at lines 204--204
[][][][][][][] 
 []

(./codes/semantico.ml [13] [14]
LaTeX Font Info:    Try loading font information for OMS+pcr on input line 93.

(c:/texlive/2015/texmf-dist/tex/latex/psnfss/omspcr.fd
File: omspcr.fd 
)
LaTeX Font Info:    Font shape `OMS/pcr/m/n' in size <10> not available
(Font)              Font shape `OMS/cmsy/m/n' tried instead on input line 93.
 [15] [16] [17] [18])
[19]
Overfull \hbox (10.0pt too wide) in paragraph at lines 211--211
[][][][][][][] 
 []

(./codes/tabsimb.ml)
Overfull \hbox (10.0pt too wide) in paragraph at lines 213--213
[][][][][][][] 
 []

(./codes/tabsimb.mli [20])
Overfull \hbox (10.0pt too wide) in paragraph at lines 221--221
[][][][][][][] 
 []

(./codes/makefile [21])
Overfull \hbox (10.0pt too wide) in paragraph at lines 226--226
[][][][][][][] 
 []

(./codes/ambiente.ml [22])
Overfull \hbox (10.0pt too wide) in paragraph at lines 228--228
[][][][][][][] 
 []

(./codes/ambiente.mli)
Overfull \hbox (10.0pt too wide) in paragraph at lines 231--231
[][][][][][][] 
 []

(./codes/ambInterpretador.ml [23])
Overfull \hbox (10.0pt too wide) in paragraph at lines 233--233
[][][][][][][] 
 []

(./codes/ambInterpretador.mli)
Overfull \hbox (10.0pt too wide) in paragraph at lines 235--235
[][][][][][][] 
 []

(./codes/interprete.ml [24] [25] [26] [27] [28]) [29]
<images/make.png, id=1614, 1927.2pt x 1084.05pt>
File: images/make.png Graphic file (type png)
 <use images/make.png>
Package pdftex.def Info: images/make.png used on input line 249.
(pdftex.def)             Requested size: 455.24408pt x 256.07509pt.

Overfull \hbox (10.0pt too wide) in paragraph at lines 267--267
[][][][][][][] 
 []

(./codes/carregaInter.ml [30 <./images/make.png>])
<images/carregaInter.png, id=1641, 1927.2pt x 1084.05pt>
File: images/carregaInter.png Graphic file (type png)

<use images/carregaInter.png>
Package pdftex.def Info: images/carregaInter.png used on input line 278.
(pdftex.def)             Requested size: 455.24408pt x 256.07509pt.


LaTeX Warning: `!h' float specifier changed to `!ht'.

[31] [32 <./images/carregaInter.png>]
Chapter 4.

Overfull \hbox (10.0pt too wide) in paragraph at lines 315--315
[][][][][][][] 
 []

(./codes/ex1.pas) <images/ex1.png, id=1706, 1927.2pt x 1084.05pt>
File: images/ex1.png Graphic file (type png)

<use images/ex1.png>
Package pdftex.def Info: images/ex1.png used on input line 322.
(pdftex.def)             Requested size: 455.24408pt x 256.07509pt.
 <images/ex1-2.png, id=1707, 1927.2pt x 1084.05pt>
File: images/ex1-2.png Graphic file (type png)

<use images/ex1-2.png>
Package pdftex.def Info: images/ex1-2.png used on input line 328.
(pdftex.def)             Requested size: 455.24408pt x 256.07509pt.


LaTeX Warning: `!h' float specifier changed to `!ht'.

[33

 <./images/ex1.png>] <images/ex1-3.png, id=1718, 1927.2pt x 1084.05pt>
File: images/ex1-3.png Graphic file (type png)

<use images/ex1-3.png>
Package pdftex.def Info: images/ex1-3.png used on input line 335.
(pdftex.def)             Requested size: 455.24408pt x 256.07509pt.
 [34 <./images/ex1-2.png> <./images/ex1-3.png>]
Overfull \hbox (10.0pt too wide) in paragraph at lines 342--342
[][][][][][][] 
 []

(./codes/ex2.pas) <images/ex2.png, id=1725, 1927.2pt x 1084.05pt>
File: images/ex2.png Graphic file (type png)

<use images/ex2.png>
Package pdftex.def Info: images/ex2.png used on input line 349.
(pdftex.def)             Requested size: 455.24408pt x 256.07509pt.
 <images/ex2-2.png, id=1726, 1927.2pt x 1084.05pt>
File: images/ex2-2.png Graphic file (type png)

<use images/ex2-2.png>
Package pdftex.def Info: images/ex2-2.png used on input line 357.
(pdftex.def)             Requested size: 455.24408pt x 256.07509pt.


LaTeX Warning: `!h' float specifier changed to `!ht'.

[35 <./images/ex2.png>] <images/ex2-3.png, id=1737, 1927.2pt x 1084.05pt>
File: images/ex2-3.png Graphic file (type png)

<use images/ex2-3.png>
Package pdftex.def Info: images/ex2-3.png used on input line 365.
(pdftex.def)             Requested size: 455.24408pt x 256.07509pt.
 [36 <./images/ex2-2.png> <./images/ex2-3.png>]
Overfull \hbox (10.0pt too wide) in paragraph at lines 372--372
[][][][][][][] 
 []

(./codes/ex3.pas) <images/ex3.png, id=1745, 1927.2pt x 1084.05pt>
File: images/ex3.png Graphic file (type png)

<use images/ex3.png>
Package pdftex.def Info: images/ex3.png used on input line 378.
(pdftex.def)             Requested size: 455.24408pt x 256.07509pt.
 <images/ex3-2.png, id=1746, 1927.2pt x 1084.05pt>
File: images/ex3-2.png Graphic file (type png)

<use images/ex3-2.png>
Package pdftex.def Info: images/ex3-2.png used on input line 385.
(pdftex.def)             Requested size: 455.24408pt x 256.07509pt.


LaTeX Warning: `!h' float specifier changed to `!ht'.

[37 <./images/ex3.png>] <images/ex3-3.png, id=1773, 1927.2pt x 1084.05pt>
File: images/ex3-3.png Graphic file (type png)

<use images/ex3-3.png>
Package pdftex.def Info: images/ex3-3.png used on input line 392.
(pdftex.def)             Requested size: 455.24408pt x 256.07509pt.
 [38 <./images/ex3-2.png> <./images/ex3-3.png>]
Overfull \hbox (10.0pt too wide) in paragraph at lines 399--399
[][][][][][][] 
 []

(./codes/ex4.pas) <images/ex4.png, id=1780, 1927.2pt x 1084.05pt>
File: images/ex4.png Graphic file (type png)

<use images/ex4.png>
Package pdftex.def Info: images/ex4.png used on input line 405.
(pdftex.def)             Requested size: 455.24408pt x 256.07509pt.
 <images/ex4-2.png, id=1781, 1927.2pt x 1084.05pt>
File: images/ex4-2.png Graphic file (type png)

<use images/ex4-2.png>
Package pdftex.def Info: images/ex4-2.png used on input line 412.
(pdftex.def)             Requested size: 455.24408pt x 256.07509pt.


LaTeX Warning: `!h' float specifier changed to `!ht'.

[39 <./images/ex4.png>] <images/ex4-3.png, id=1802, 1927.2pt x 1084.05pt>
File: images/ex4-3.png Graphic file (type png)

<use images/ex4-3.png>
Package pdftex.def Info: images/ex4-3.png used on input line 420.
(pdftex.def)             Requested size: 455.24408pt x 256.07509pt.
 [40 <./images/ex4-2.png> <./images/ex4-3.png>]
Overfull \hbox (10.0pt too wide) in paragraph at lines 429--429
[][][][][][][] 
 []

(./codes/ex5.pas) <images/ex5.png, id=1809, 1927.2pt x 1084.05pt>
File: images/ex5.png Graphic file (type png)

<use images/ex5.png>
Package pdftex.def Info: images/ex5.png used on input line 435.
(pdftex.def)             Requested size: 455.24408pt x 256.07509pt.
 <images/ex5-2.png, id=1810, 1927.2pt x 1084.05pt>
File: images/ex5-2.png Graphic file (type png)

<use images/ex5-2.png>
Package pdftex.def Info: images/ex5-2.png used on input line 442.
(pdftex.def)             Requested size: 455.24408pt x 256.07509pt.


LaTeX Warning: `!h' float specifier changed to `!ht'.

[41 <./images/ex5.png>] <images/ex5-3.png, id=1831, 1927.2pt x 1084.05pt>
File: images/ex5-3.png Graphic file (type png)

<use images/ex5-3.png>
Package pdftex.def Info: images/ex5-3.png used on input line 449.
(pdftex.def)             Requested size: 455.24408pt x 256.07509pt.
 [42 <./images/ex5-2.png> <./images/ex5-3.png>]
Overfull \hbox (10.0pt too wide) in paragraph at lines 456--456
[][][][][][][] 
 []

(./codes/ex6.pas) <images/ex6.png, id=1838, 1927.2pt x 1084.05pt>
File: images/ex6.png Graphic file (type png)

<use images/ex6.png>
Package pdftex.def Info: images/ex6.png used on input line 462.
(pdftex.def)             Requested size: 455.24408pt x 256.07509pt.
 <images/ex6-2.png, id=1839, 1927.2pt x 1084.05pt>
File: images/ex6-2.png Graphic file (type png)

<use images/ex6-2.png>
Package pdftex.def Info: images/ex6-2.png used on input line 469.
(pdftex.def)             Requested size: 455.24408pt x 256.07509pt.


LaTeX Warning: `!h' float specifier changed to `!ht'.

[43 <./images/ex6.png>] <images/ex6-3.png, id=1864, 1927.2pt x 1084.05pt>
File: images/ex6-3.png Graphic file (type png)

<use images/ex6-3.png>
Package pdftex.def Info: images/ex6-3.png used on input line 476.
(pdftex.def)             Requested size: 455.24408pt x 256.07509pt.
 [44 <./images/ex6-2.png> <./images/ex6-3.png>]
Overfull \hbox (10.0pt too wide) in paragraph at lines 484--484
[][][][][][][] 
 []

(./codes/ex7.pas) <images/ex7.png, id=1871, 1927.2pt x 1084.05pt>
File: images/ex7.png Graphic file (type png)

<use images/ex7.png>
Package pdftex.def Info: images/ex7.png used on input line 490.
(pdftex.def)             Requested size: 455.24408pt x 256.07509pt.
 <images/ex7-2.png, id=1872, 1927.2pt x 1084.05pt>
File: images/ex7-2.png Graphic file (type png)

<use images/ex7-2.png>
Package pdftex.def Info: images/ex7-2.png used on input line 498.
(pdftex.def)             Requested size: 455.24408pt x 256.07509pt.


LaTeX Warning: `!h' float specifier changed to `!ht'.

[45 <./images/ex7.png>] <images/ex7-3.png, id=1899, 1927.2pt x 1084.05pt>
File: images/ex7-3.png Graphic file (type png)

<use images/ex7-3.png>
Package pdftex.def Info: images/ex7-3.png used on input line 506.
(pdftex.def)             Requested size: 455.24408pt x 256.07509pt.
 [46 <./images/ex7-2.png> <./images/ex7-3.png>]
Overfull \hbox (10.0pt too wide) in paragraph at lines 512--512
[][][][][][][] 
 []

(./codes/ex8.pas) <images/ex8.png, id=1906, 1927.2pt x 1084.05pt>
File: images/ex8.png Graphic file (type png)

<use images/ex8.png>
Package pdftex.def Info: images/ex8.png used on input line 518.
(pdftex.def)             Requested size: 455.24408pt x 256.07509pt.
 <images/ex8-2.png, id=1907, 1927.2pt x 1084.05pt>
File: images/ex8-2.png Graphic file (type png)

<use images/ex8-2.png>
Package pdftex.def Info: images/ex8-2.png used on input line 526.
(pdftex.def)             Requested size: 455.24408pt x 256.07509pt.


LaTeX Warning: `!h' float specifier changed to `!ht'.

[47 <./images/ex8.png>] <images/ex8-3.png, id=1935, 1927.2pt x 1084.05pt>
File: images/ex8-3.png Graphic file (type png)

<use images/ex8-3.png>
Package pdftex.def Info: images/ex8-3.png used on input line 534.
(pdftex.def)             Requested size: 455.24408pt x 256.07509pt.
 [48 <./images/ex8-2.png> <./images/ex8-3.png>]
Overfull \hbox (10.0pt too wide) in paragraph at lines 540--540
[][][][][][][] 
 []

(./codes/ex9.pas) <images/ex9.png, id=1942, 1927.2pt x 1084.05pt>
File: images/ex9.png Graphic file (type png)

<use images/ex9.png>
Package pdftex.def Info: images/ex9.png used on input line 546.
(pdftex.def)             Requested size: 455.24408pt x 256.07509pt.
 <images/ex9-2.png, id=1943, 1927.2pt x 1084.05pt>
File: images/ex9-2.png Graphic file (type png)

<use images/ex9-2.png>
Package pdftex.def Info: images/ex9-2.png used on input line 554.
(pdftex.def)             Requested size: 455.24408pt x 256.07509pt.


LaTeX Warning: `!h' float specifier changed to `!ht'.

[49 <./images/ex9.png>] <images/ex9-3.png, id=1970, 1927.2pt x 1084.05pt>
File: images/ex9-3.png Graphic file (type png)

<use images/ex9-3.png>
Package pdftex.def Info: images/ex9-3.png used on input line 562.
(pdftex.def)             Requested size: 455.24408pt x 256.07509pt.
Package atveryend Info: Empty hook `BeforeClearDocument' on input line 565.
 [50 <./images/ex9-2.png> <./images/ex9-3.png>]
Package atveryend Info: Empty hook `AfterLastShipout' on input line 565.

(./relatorio2.aux)
Package atveryend Info: Executing hook `AtVeryEndDocument' on input line 565.
Package atveryend Info: Executing hook `AtEndAfterFileList' on input line 565.
Package rerunfilecheck Info: File `relatorio2.out' has not changed.
(rerunfilecheck)             Checksum: 797E3D25F93FCE187119821FB870C020;2187.
Package atveryend Info: Empty hook `AtVeryVeryEnd' on input line 565.
 ) 
Here is how much of TeX's memory you used:
 12683 strings out of 493093
 183029 string characters out of 6138556
 503614 words of memory out of 5000000
 14331 multiletter control sequences out of 15000+600000
 20996 words of font info for 53 fonts, out of 8000000 for 9000
 1141 hyphenation exceptions out of 8191
 36i,6n,52p,531b,1808s stack positions out of 5000i,500n,10000p,200000b,80000s
{c:/texlive/2015/texmf-dist/fonts/enc/dvips/cm-super/cm-super-t1.enc}{c:/texl
ive/2015/texmf-dist/fonts/enc/dvips/base/8r.enc}<c:/texlive/2015/texmf-dist/fon
ts/type1/public/amsfonts/cm/cmsy10.pfb><c:/texlive/2015/texmf-dist/fonts/type1/
public/cm-super/sfbx0800.pfb><c:/texlive/2015/texmf-dist/fonts/type1/public/cm-
super/sfbx1000.pfb><c:/texlive/2015/texmf-dist/fonts/type1/public/cm-super/sfbx
1200.pfb><c:/texlive/2015/texmf-dist/fonts/type1/public/cm-super/sfbx1440.pfb><
c:/texlive/2015/texmf-dist/fonts/type1/public/cm-super/sfbx2074.pfb><c:/texlive
/2015/texmf-dist/fonts/type1/public/cm-super/sfbx2488.pfb><c:/texlive/2015/texm
f-dist/fonts/type1/public/cm-super/sfrm1000.pfb><c:/texlive/2015/texmf-dist/fon
ts/type1/public/cm-super/sfrm1440.pfb><c:/texlive/2015/texmf-dist/fonts/type1/p
ublic/cm-super/sfrm2074.pfb><c:/texlive/2015/texmf-dist/fonts/type1/public/cm-s
uper/sfrm2488.pfb><c:/texlive/2015/texmf-dist/fonts/type1/public/cm-super/sfti1
000.pfb><c:/texlive/2015/texmf-dist/fonts/type1/public/cm-super/sfti1200.pfb><c
:/texlive/2015/texmf-dist/fonts/type1/public/cm-super/sfti1440.pfb><c:/texlive/
2015/texmf-dist/fonts/type1/urw/courier/ucrr8a.pfb>
Output written on relatorio2.pdf (50 pages, 18065288 bytes).
PDF statistics:
 2356 PDF objects out of 2487 (max. 8388607)
 2236 compressed objects within 23 object streams
 1589 named destinations out of 1728 (max. 500000)
 431 words of extra memory for PDF output out of 10000 (max. 10000000)

